  buses.cpp
C:\Users\BIG BANG\Desktop\Seba\Public Transport Network Management System\Public Transport Network Management System\buses.cpp(46,16): warning C4566: character represented by universal-character-name '\u0627' cannot be represented in the current code page (1252)
C:\Users\BIG BANG\Desktop\Seba\Public Transport Network Management System\Public Transport Network Management System\buses.cpp(46,16): warning C4566: character represented by universal-character-name '\u0644' cannot be represented in the current code page (1252)
C:\Users\BIG BANG\Desktop\Seba\Public Transport Network Management System\Public Transport Network Management System\buses.cpp(46,16): warning C4566: character represented by universal-character-name '\u0631' cannot be represented in the current code page (1252)
C:\Users\BIG BANG\Desktop\Seba\Public Transport Network Management System\Public Transport Network Management System\buses.cpp(46,16): warning C4566: character represented by universal-character-name '\u0642' cannot be represented in the current code page (1252)
C:\Users\BIG BANG\Desktop\Seba\Public Transport Network Management System\Public Transport Network Management System\buses.cpp(46,16): warning C4566: character represented by universal-character-name '\u0645' cannot be represented in the current code page (1252)
C:\Users\BIG BANG\Desktop\Seba\Public Transport Network Management System\Public Transport Network Management System\buses.cpp(47,16): warning C4566: character represented by universal-character-name '\u0631' cannot be represented in the current code page (1252)
C:\Users\BIG BANG\Desktop\Seba\Public Transport Network Management System\Public Transport Network Management System\buses.cpp(47,16): warning C4566: character represented by universal-character-name '\u062E' cannot be represented in the current code page (1252)
C:\Users\BIG BANG\Desktop\Seba\Public Transport Network Management System\Public Transport Network Management System\buses.cpp(47,16): warning C4566: character represented by universal-character-name '\u0635' cannot be represented in the current code page (1252)
C:\Users\BIG BANG\Desktop\Seba\Public Transport Network Management System\Public Transport Network Management System\buses.cpp(47,16): warning C4566: character represented by universal-character-name '\u0629' cannot be represented in the current code page (1252)
C:\Users\BIG BANG\Desktop\Seba\Public Transport Network Management System\Public Transport Network Management System\buses.cpp(47,16): warning C4566: character represented by universal-character-name '\u0627' cannot be represented in the current code page (1252)
C:\Users\BIG BANG\Desktop\Seba\Public Transport Network Management System\Public Transport Network Management System\buses.cpp(47,16): warning C4566: character represented by universal-character-name '\u0644' cannot be represented in the current code page (1252)
C:\Users\BIG BANG\Desktop\Seba\Public Transport Network Management System\Public Transport Network Management System\buses.cpp(47,16): warning C4566: character represented by universal-character-name '\u0642' cannot be represented in the current code page (1252)
C:\Users\BIG BANG\Desktop\Seba\Public Transport Network Management System\Public Transport Network Management System\buses.cpp(47,16): warning C4566: character represented by universal-character-name '\u064A' cannot be represented in the current code page (1252)
C:\Users\BIG BANG\Desktop\Seba\Public Transport Network Management System\Public Transport Network Management System\buses.cpp(47,16): warning C4566: character represented by universal-character-name '\u062F' cannot be represented in the current code page (1252)
C:\Users\BIG BANG\Desktop\Seba\Public Transport Network Management System\Public Transport Network Management System\buses.cpp(49,26): warning C4566: character represented by universal-character-name '\u0627' cannot be represented in the current code page (1252)
C:\Users\BIG BANG\Desktop\Seba\Public Transport Network Management System\Public Transport Network Management System\buses.cpp(49,26): warning C4566: character represented by universal-character-name '\u0644' cannot be represented in the current code page (1252)
C:\Users\BIG BANG\Desktop\Seba\Public Transport Network Management System\Public Transport Network Management System\buses.cpp(49,26): warning C4566: character represented by universal-character-name '\u0628' cannot be represented in the current code page (1252)
C:\Users\BIG BANG\Desktop\Seba\Public Transport Network Management System\Public Transport Network Management System\buses.cpp(49,26): warning C4566: character represented by universal-character-name '\u0635' cannot be represented in the current code page (1252)
C:\Users\BIG BANG\Desktop\Seba\Public Transport Network Management System\Public Transport Network Management System\buses.cpp(49,26): warning C4566: character represented by universal-character-name '\u0645' cannot be represented in the current code page (1252)
C:\Users\BIG BANG\Desktop\Seba\Public Transport Network Management System\Public Transport Network Management System\buses.cpp(49,26): warning C4566: character represented by universal-character-name '\u0639' cannot be represented in the current code page (1252)
C:\Users\BIG BANG\Desktop\Seba\Public Transport Network Management System\Public Transport Network Management System\buses.cpp(49,26): warning C4566: character represented by universal-character-name '\u064A' cannot be represented in the current code page (1252)
C:\Users\BIG BANG\Desktop\Seba\Public Transport Network Management System\Public Transport Network Management System\buses.cpp(49,26): warning C4566: character represented by universal-character-name '\u0646' cannot be represented in the current code page (1252)
C:\Users\BIG BANG\Desktop\Seba\Public Transport Network Management System\Public Transport Network Management System\buses.cpp(49,26): warning C4566: character represented by universal-character-name '\u0648' cannot be represented in the current code page (1252)
C:\Users\BIG BANG\Desktop\Seba\Public Transport Network Management System\Public Transport Network Management System\buses.cpp(49,26): warning C4566: character represented by universal-character-name '\u062C' cannot be represented in the current code page (1252)
C:\Users\BIG BANG\Desktop\Seba\Public Transport Network Management System\Public Transport Network Management System\buses.cpp(49,26): warning C4566: character represented by universal-character-name '\u062F' cannot be represented in the current code page (1252)
C:\Users\BIG BANG\Desktop\Seba\Public Transport Network Management System\Public Transport Network Management System\buses.cpp(51,26): warning C4566: character represented by universal-character-name '\u0627' cannot be represented in the current code page (1252)
C:\Users\BIG BANG\Desktop\Seba\Public Transport Network Management System\Public Transport Network Management System\buses.cpp(51,26): warning C4566: character represented by universal-character-name '\u0644' cannot be represented in the current code page (1252)
C:\Users\BIG BANG\Desktop\Seba\Public Transport Network Management System\Public Transport Network Management System\buses.cpp(51,26): warning C4566: character represented by universal-character-name '\u0628' cannot be represented in the current code page (1252)
C:\Users\BIG BANG\Desktop\Seba\Public Transport Network Management System\Public Transport Network Management System\buses.cpp(51,26): warning C4566: character represented by universal-character-name '\u0635' cannot be represented in the current code page (1252)
C:\Users\BIG BANG\Desktop\Seba\Public Transport Network Management System\Public Transport Network Management System\buses.cpp(51,26): warning C4566: character represented by universal-character-name '\u0645' cannot be represented in the current code page (1252)
C:\Users\BIG BANG\Desktop\Seba\Public Transport Network Management System\Public Transport Network Management System\buses.cpp(51,26): warning C4566: character represented by universal-character-name '\u0639' cannot be represented in the current code page (1252)
C:\Users\BIG BANG\Desktop\Seba\Public Transport Network Management System\Public Transport Network Management System\buses.cpp(51,26): warning C4566: character represented by universal-character-name '\u064A' cannot be represented in the current code page (1252)
C:\Users\BIG BANG\Desktop\Seba\Public Transport Network Management System\Public Transport Network Management System\buses.cpp(51,26): warning C4566: character represented by universal-character-name '\u0646' cannot be represented in the current code page (1252)
C:\Users\BIG BANG\Desktop\Seba\Public Transport Network Management System\Public Transport Network Management System\buses.cpp(46,36): error C2065: 'driverId': undeclared identifier
C:\Users\BIG BANG\Desktop\Seba\Public Transport Network Management System\Public Transport Network Management System\buses.cpp(47,57): error C2039: 'number': is not a member of 'Driver::DrivingLicense'
  C:\Users\BIG BANG\Desktop\Seba\Public Transport Network Management System\Public Transport Network Management System\buses.cpp(10,11):
  see declaration of 'Driver::DrivingLicense'
  
C:\Users\BIG BANG\Desktop\Seba\Public Transport Network Management System\Public Transport Network Management System\buses.cpp(66,11): error C1075: '{': no matching token found
  card.cpp
  Manger.cpp
  Passenger.cpp
C:\Users\BIG BANG\Desktop\Seba\Public Transport Network Management System\Public Transport Network Management System\Passenger.cpp(3,17): error C1075: '{': no matching token found
  Public Transport Network Management System.cpp
  Station_Manager.cpp
C:\Users\BIG BANG\Desktop\Seba\Public Transport Network Management System\Public Transport Network Management System\Station_Manager.cpp(3,31): error C2504: 'Stops': base class undefined
C:\Users\BIG BANG\Desktop\Seba\Public Transport Network Management System\Public Transport Network Management System\Station_Manager.cpp(6,10): error C2143: syntax error: missing ';' before '*'
C:\Users\BIG BANG\Desktop\Seba\Public Transport Network Management System\Public Transport Network Management System\Station_Manager.cpp(6,10): error C4430: missing type specifier - int assumed. Note: C++ does not support default-int
C:\Users\BIG BANG\Desktop\Seba\Public Transport Network Management System\Public Transport Network Management System\Station_Manager.cpp(6,28): error C2238: unexpected token(s) preceding ';'
C:\Users\BIG BANG\Desktop\Seba\Public Transport Network Management System\Public Transport Network Management System\Station_Manager.cpp(14,18): error C2061: syntax error: identifier 'Stops'
C:\Users\BIG BANG\Desktop\Seba\Public Transport Network Management System\Public Transport Network Management System\Station_Manager.cpp(23,10): error C2143: syntax error: missing ';' before '*'
C:\Users\BIG BANG\Desktop\Seba\Public Transport Network Management System\Public Transport Network Management System\Station_Manager.cpp(23,10): error C4430: missing type specifier - int assumed. Note: C++ does not support default-int
C:\Users\BIG BANG\Desktop\Seba\Public Transport Network Management System\Public Transport Network Management System\Station_Manager.cpp(23,39): error C2334: unexpected token(s) preceding '{'; skipping apparent function body
C:\Users\BIG BANG\Desktop\Seba\Public Transport Network Management System\Public Transport Network Management System\Station_Manager.cpp(3,37): error C1075: '{': no matching token found
  Stops.cpp
  TransportLine.cpp
C:\Users\BIG BANG\Desktop\Seba\Public Transport Network Management System\Public Transport Network Management System\TransportLine.cpp(12,22): warning C4244: '=': conversion from 'int' to 'float', possible loss of data
C:\Users\BIG BANG\Desktop\Seba\Public Transport Network Management System\Public Transport Network Management System\TransportLine.cpp(56,35): warning C4244: '=': conversion from 'int' to 'float', possible loss of data
C:\Users\BIG BANG\Desktop\Seba\Public Transport Network Management System\Public Transport Network Management System\TransportLine.cpp(65,32): warning C4244: '=': conversion from 'int' to 'float', possible loss of data
C:\Users\BIG BANG\Desktop\Seba\Public Transport Network Management System\Public Transport Network Management System\TransportLine.cpp(109,36): warning C4244: '=': conversion from 'int' to 'float', possible loss of data
  Generating Code...
